# JRE version: Java(TM) SE Runtime Environment (8.0_191-b12) (build 1.8.0_191-b12)
# Java VM: Java HotSpot(TM) Client VM (25.191-b12 mixed mode windows-x86 )
Heap:
 def new generation   total 157248K, used 157247K [0x10400000, 0x1aea0000, 0x1aea0000)
  eden space 139776K, 100% used [0x10400000, 0x18c80000, 0x18c80000)
  from space 17472K,  99% used [0x19d90000, 0x1ae9ffe0, 0x1aea0000)
  to   space 17472K,   0% used [0x18c80000, 0x18c80000, 0x19d90000)
 tenured generation   total 349568K, used 349568K [0x1aea0000, 0x30400000, 0x30400000)
   the space 349568K, 100% used [0x1aea0000, 0x30400000, 0x30400000, 0x30400000)
 Metaspace       used 24882K, capacity 25390K, committed 25472K, reserved 25984K
GC Heap History (10 events):
Event: 94.111 GC heap before
{Heap before GC invocations=66 (full 52):
 def new generation   total 157248K, used 157247K [0x10400000, 0x1aea0000, 0x1aea0000)
  eden space 139776K,  99% used [0x10400000, 0x18c7fff8, 0x18c80000)
  from space 17472K,  99% used [0x19d90000, 0x1ae9ffd8, 0x1aea0000)
  to   space 17472K,   0% used [0x18c80000, 0x18c80000, 0x19d90000)
 tenured generation   total 349568K, used 349567K [0x1aea0000, 0x30400000, 0x30400000)
   the space 349568K,  99% used [0x1aea0000, 0x303fffd0, 0x30400000, 0x30400000)
 Metaspace       used 24882K, capacity 25390K, committed 25472K, reserved 25984K
Event: 94.519 GC heap after
Heap after GC invocations=67 (full 53):
 def new generation   total 157248K, used 157178K [0x10400000, 0x1aea0000, 0x1aea0000)
  eden space 139776K,  99% used [0x10400000, 0x18c7fea8, 0x18c80000)
  from space 17472K,  99% used [0x19d90000, 0x1ae8e958, 0x1aea0000)
  to   space 17472K,   0% used [0x18c80000, 0x18c80000, 0x19d90000)
 tenured generation   total 349568K, used 349567K [0x1aea0000, 0x30400000, 0x30400000)
   the space 349568K,  99% used [0x1aea0000, 0x303fffd0, 0x30400000, 0x30400000)
 Metaspace       used 24882K, capacity 25390K, committed 25472K, reserved 25984K
}
Event: 94.519 GC heap before
{Heap before GC invocations=67 (full 53):
 def new generation   total 157248K, used 157247K [0x10400000, 0x1aea0000, 0x1aea0000)
  eden space 139776K, 100% used [0x10400000, 0x18c80000, 0x18c80000)
  from space 17472K,  99% used [0x19d90000, 0x1ae9ff30, 0x1aea0000)
  to   space 17472K,   0% used [0x18c80000, 0x18c80000, 0x19d90000)
 tenured generation   total 349568K, used 349567K [0x1aea0000, 0x30400000, 0x30400000)
   the space 349568K,  99% used [0x1aea0000, 0x303fffd0, 0x30400000, 0x30400000)
 Metaspace       used 24882K, capacity 25390K, committed 25472K, reserved 25984K
Event: 94.925 GC heap after
Heap after GC invocations=68 (full 54):
 def new generation   total 157248K, used 157178K [0x10400000, 0x1aea0000, 0x1aea0000)
  eden space 139776K,  99% used [0x10400000, 0x18c7feb8, 0x18c80000)
  from space 17472K,  99% used [0x19d90000, 0x1ae8ec20, 0x1aea0000)
  to   space 17472K,   0% used [0x18c80000, 0x18c80000, 0x19d90000)
 tenured generation   total 349568K, used 349567K [0x1aea0000, 0x30400000, 0x30400000)
   the space 349568K,  99% used [0x1aea0000, 0x303fffd0, 0x30400000, 0x30400000)
 Metaspace       used 24882K, capacity 25390K, committed 25472K, reserved 25984K
}
Event: 94.926 GC heap before
{Heap before GC invocations=68 (full 54):
 def new generation   total 157248K, used 157247K [0x10400000, 0x1aea0000, 0x1aea0000)
  eden space 139776K,  99% used [0x10400000, 0x18c7fff8, 0x18c80000)
  from space 17472K, 100% used [0x19d90000, 0x1aea0000, 0x1aea0000)
  to   space 17472K,   0% used [0x18c80000, 0x18c80000, 0x19d90000)
 tenured generation   total 349568K, used 349568K [0x1aea0000, 0x30400000, 0x30400000)
   the space 349568K, 100% used [0x1aea0000, 0x30400000, 0x30400000, 0x30400000)
 Metaspace       used 24882K, capacity 25390K, committed 25472K, reserved 25984K
Event: 95.330 GC heap after
Heap after GC invocations=69 (full 55):
 def new generation   total 157248K, used 157077K [0x10400000, 0x1aea0000, 0x1aea0000)
  eden space 139776K,  99% used [0x10400000, 0x18c7fe48, 0x18c80000)
  from space 17472K,  99% used [0x19d90000, 0x1ae755d0, 0x1aea0000)
  to   space 17472K,   0% used [0x18c80000, 0x18c80000, 0x19d90000)
 tenured generation   total 349568K, used 349568K [0x1aea0000, 0x30400000, 0x30400000)
   the space 349568K, 100% used [0x1aea0000, 0x30400000, 0x30400000, 0x30400000)
 Metaspace       used 24882K, capacity 25390K, committed 25472K, reserved 25984K
}
Event: 95.331 GC heap before
{Heap before GC invocations=69 (full 55):
 def new generation   total 157248K, used 157080K [0x10400000, 0x1aea0000, 0x1aea0000)
  eden space 139776K, 100% used [0x10400000, 0x18c80000, 0x18c80000)
  from space 17472K,  99% used [0x19d90000, 0x1ae760f8, 0x1aea0000)
  to   space 17472K,   0% used [0x18c80000, 0x18c80000, 0x19d90000)
 tenured generation   total 349568K, used 349568K [0x1aea0000, 0x30400000, 0x30400000)
   the space 349568K, 100% used [0x1aea0000, 0x30400000, 0x30400000, 0x30400000)
 Metaspace       used 24882K, capacity 25390K, committed 25472K, reserved 25984K
Event: 95.743 GC heap after
Heap after GC invocations=70 (full 56):
 def new generation   total 157248K, used 157070K [0x10400000, 0x1aea0000, 0x1aea0000)
  eden space 139776K,  99% used [0x10400000, 0x18c7fe88, 0x18c80000)
  from space 17472K,  98% used [0x19d90000, 0x1ae73cb0, 0x1aea0000)
  to   space 17472K,   0% used [0x18c80000, 0x18c80000, 0x19d90000)
 tenured generation   total 349568K, used 349568K [0x1aea0000, 0x30400000, 0x30400000)
   the space 349568K, 100% used [0x1aea0000, 0x30400000, 0x30400000, 0x30400000)
 Metaspace       used 24882K, capacity 25390K, committed 25472K, reserved 25984K
}
Event: 95.743 GC heap before
{Heap before GC invocations=70 (full 56):
 def new generation   total 157248K, used 157070K [0x10400000, 0x1aea0000, 0x1aea0000)
  eden space 139776K,  99% used [0x10400000, 0x18c7fe88, 0x18c80000)
  from space 17472K,  98% used [0x19d90000, 0x1ae73cb0, 0x1aea0000)
  to   space 17472K,   0% used [0x18c80000, 0x18c80000, 0x19d90000)
 tenured generation   total 349568K, used 349568K [0x1aea0000, 0x30400000, 0x30400000)
   the space 349568K, 100% used [0x1aea0000, 0x30400000, 0x30400000, 0x30400000)
 Metaspace       used 24882K, capacity 25390K, committed 25472K, reserved 25984K
Event: 96.156 GC heap after
Heap after GC invocations=71 (full 57):
 def new generation   total 157248K, used 157070K [0x10400000, 0x1aea0000, 0x1aea0000)
  eden space 139776K,  99% used [0x10400000, 0x18c7fe88, 0x18c80000)
  from space 17472K,  98% used [0x19d90000, 0x1ae73c98, 0x1aea0000)
  to   space 17472K,   0% used [0x18c80000, 0x18c80000, 0x19d90000)
 tenured generation   total 349568K, used 349568K [0x1aea0000, 0x30400000, 0x30400000)
   the space 349568K, 100% used [0x1aea0000, 0x30400000, 0x30400000, 0x30400000)
 Metaspace       used 24882K, capacity 25390K, committed 25472K, reserved 25984K
}

